0 info it worked if it ends with ok
1 verbose cli [ '/usr/local/bin/node', '/usr/local/bin/npm', 'publish' ]
2 info using npm@1.4.28
3 info using node@v0.10.32
4 verbose publish [ '.' ]
5 verbose cache add [ '.', null ]
6 verbose cache add name=undefined spec="." args=[".",null]
7 verbose parsed url { protocol: null,
7 verbose parsed url   slashes: null,
7 verbose parsed url   auth: null,
7 verbose parsed url   host: null,
7 verbose parsed url   port: null,
7 verbose parsed url   hostname: null,
7 verbose parsed url   hash: null,
7 verbose parsed url   search: null,
7 verbose parsed url   query: null,
7 verbose parsed url   pathname: '.',
7 verbose parsed url   path: '.',
7 verbose parsed url   href: '.' }
8 silly lockFile 3a52ce78- .
9 verbose lock . /home/jrm2k6/.npm/3a52ce78-.lock
10 verbose tar pack [ '/home/jrm2k6/.npm/json-resume-dynamic/0.0.7/package.tgz',
10 verbose tar pack   '.' ]
11 verbose tarball /home/jrm2k6/.npm/json-resume-dynamic/0.0.7/package.tgz
12 verbose folder .
13 info prepublish json-resume-dynamic@0.0.7
14 silly lockFile 1f1177db-tar tar://.
15 verbose lock tar://. /home/jrm2k6/.npm/1f1177db-tar.lock
16 silly lockFile df9d401f-resume-dynamic-0-0-7-package-tgz tar:///home/jrm2k6/.npm/json-resume-dynamic/0.0.7/package.tgz
17 verbose lock tar:///home/jrm2k6/.npm/json-resume-dynamic/0.0.7/package.tgz /home/jrm2k6/.npm/df9d401f-resume-dynamic-0-0-7-package-tgz.lock
18 silly lockFile 1f1177db-tar tar://.
19 silly lockFile 1f1177db-tar tar://.
20 silly lockFile df9d401f-resume-dynamic-0-0-7-package-tgz tar:///home/jrm2k6/.npm/json-resume-dynamic/0.0.7/package.tgz
21 silly lockFile df9d401f-resume-dynamic-0-0-7-package-tgz tar:///home/jrm2k6/.npm/json-resume-dynamic/0.0.7/package.tgz
22 silly lockFile b38d5a74-son-resume-dynamic-0-0-7-package /home/jrm2k6/.npm/json-resume-dynamic/0.0.7/package
23 verbose lock /home/jrm2k6/.npm/json-resume-dynamic/0.0.7/package /home/jrm2k6/.npm/b38d5a74-son-resume-dynamic-0-0-7-package.lock
24 silly lockFile b38d5a74-son-resume-dynamic-0-0-7-package /home/jrm2k6/.npm/json-resume-dynamic/0.0.7/package
25 silly lockFile b38d5a74-son-resume-dynamic-0-0-7-package /home/jrm2k6/.npm/json-resume-dynamic/0.0.7/package
26 silly lockFile 3a52ce78- .
27 silly lockFile 3a52ce78- .
28 silly publish { name: 'json-resume-dynamic',
28 silly publish   version: '0.0.7',
28 silly publish   description: 'A tool to generate a web page containing your resume',
28 silly publish   main: 'index.js',
28 silly publish   dependencies: { commander: '^2.5.1', 'html-pdf': '^0.3.0', mustache: '^0.8.2' },
28 silly publish   devDependencies: {},
28 silly publish   scripts: { test: 'echo "Error: no test specified" && exit 1' },
28 silly publish   author: { name: 'Jeremy Dagorn', email: 'jeremy.dagorn@gmail.com' },
28 silly publish   license: 'MIT',
28 silly publish   bugs:
28 silly publish    { url: 'https://github.com/jrm2k6/dynamic-json-resume/issues',
28 silly publish      email: 'jeremy.dagorn@gmail.com' },
28 silly publish   repository:
28 silly publish    { type: 'git',
28 silly publish      url: 'https://github.com/jrm2k6/dynamic-json-resume' },
28 silly publish   files:
28 silly publish    [ 'examples/',
28 silly publish      'exports/',
28 silly publish      'lib/',
28 silly publish      'static/',
28 silly publish      'templates/',
28 silly publish      'index.js',
28 silly publish      'cli.js',
28 silly publish      'resume-schema.json',
28 silly publish      'LICENSE.txt' ],
28 silly publish   keywords:
28 silly publish    [ 'resume',
28 silly publish      'cv',
28 silly publish      'template',
28 silly publish      'front-end',
28 silly publish      'portfolio',
28 silly publish      'json-resume' ],
28 silly publish   bin: { 'json-resume-dynamic-cli': './cli.js' },
28 silly publish   readme: 'dynamic-json-resume\n===================\n\nCreate your resume easily using json, and add some dynamism to it, or export it as pdf.\n\nThis started as a small weekend project. In the end, it took me 2/3 afternoons to finish it and have it published on npm.\n\n##Inspiration:\n\n- [json-resume](https://jsonresume.org)\n- This [blog post](http://jlongster.com/Removing-User-Interface-Complexity,-or-Why-React-is-Awesome), as I really liked the content loaded as you scroll on the right. I wanted to have the same, in a simple way\nfor my resume.\n\n\n##Installation:\n\n``` npm install (--save) json-resume-dynamic ```\n\n##Usage:\n\n- You will have to fill out your resume following a specific json schema.\n- This assumes that you are using express for the server part if you want to display your resume on your website.\n- If you are not interested in showcasing your resume on your website, you can just export it as a PDF and skip directly to How to generate a PDF from my json file?\n\n\n##JSON Schema:\n\nYour resume will be divided into 6 sections, all englobed into a ```resume``` JSON object.\n\n####Contact section:\n```\n"contact" : {\n        "first_name": "",\n        "last_name": "",\n        "website": "",\n        "email": "",\n        "github": "",\n        "city": ""\n    }\n```\n**Optional:** ```website``` and ```github```\n\n####Education section:\nThis will be composed of an array of ```item-education``` englobed into an ```education``` JSON object.\n\nAn ```item-education``` has this form:\n\n```\n  "item-education": {\n    "start-date": "",\n    "end-date": "",\n    "institution": {\n        "name": "",\n        "city": "",\n        "country": ""\n    },\n    "description": "",\n    "additional-info": ""\n  }\n```\n\n**Optional: ```additional-info```.**\n\n#### Work section:\nThis will be composed of an array of ```item-work``` englobed into a ```work``` JSON object.\n```\n"item-work": {\n    "start-date": "",\n    "end-date": "",\n    "position": "",\n    "company": {\n        "name": "",\n        "city": "",\n        "country": ""\n     },\n    "achievements": "",\n    "technologies": ["", ""]\n}\n```\n\n#### Project section:\nThis will be composed of an array of ```item-projects``` englobed into a ```projects``` JSON object.\n\n```\n"item-projects": {\n    "title": "",\n    "description":"",\n    "technologies": []\n}\n```\n#### Skills section:\n This is just an array of strings with the key "skills"\n \n ```\n "skills" : ["skill1", "skill2"]\n```\n\n#### Languages and Hobbies sections:\nThis will be composed of an array of ```item-languages``` englobed into a ```languages``` and an array of ```item-hobbies```\ninto a ```hobbies``` JSON object respectively.\n\n```\n\n"item-languages": {\n    "name": "",\n    "additional-info": ""\n}\n\n{\n"item-hobbies": {\n    "name": "",\n    "additional-info": ""\n}\n\n```\n**Optional: ```additional-info```.**\n\n\n##How to add extra content for your resume?\nThis is done by adding two properties only to the items of your JSON\'s schema:\n\n1. You need to add an ```id``` attribute\n2. You need to add an ```extra``` JSON object having two properties:\n\n```\n"extra" {\n  "type": "text" || "images"\n  "extraContent": <html string> || <string> if type == "text" \n                  [<url-image>] or <url-image> if type == "images"\n}\n```\n\nYou can find an empty schema in ```resume-schema.json``` at the root of the module or a working schema in ```examples/my-resume.json```.\n\n##API:\n\nTwo methods only:\n\n```getResumeWithExtras(strResumeAsJson)``` returns an object containing the resume section as ```result.resume``` and the extras section as ```result.extraContent``` \n\nIt will parse the JSON string provided and verify that:\n- all the mandatory fields are declared.\n- each extra object has an id.\n\nIf something is wrong, the error message should give you a good indication on how fix your issue!\n\n```getTemplatePath(nameTemplate)``` returns the template location within the module.\n\n## How to generate a PDF for my resume?\n1. Go into the module folder\n2. Run ```./cli.js export <json_path> [output_location] [css_file_location]```\n\nBy default it will generate a resume.pdf file in the current directory.\n\n\n##### Complete example to integrate this into your node app (assuming you use node-express and mustache-express):\n\n```\nvar express = require(\'express\');\nvar path = require(\'path\');\nvar fs = require(\'fs\');\nvar mustacheExpress = require(\'mustache-express\');\nvar dynamicJsonResume = require(\'json-resume-dynamic\');\nvar app = express()\n \napp.use(express.static(path.join(__dirname, \'static\')));\n \napp.engine(\'html\', mustacheExpress());\napp.set(\'view engine\', \'html\');\napp.set(\'views\', __dirname + \'/templates\');\n \n \napp.get(\'/\', function(request, response) {\nvar resumeJsonFile = fs.readFileSync(__dirname + "/my-resume.json", \'utf-8\', function (err, data) {\n});\n \nvar resume = dynamicJsonResume.getResumeWithExtras(resumeJsonFile);\nif (resume) {\nresponse.render(dynamicJsonResume.getTemplatePath(\'cv\'), resume);\n}\n});\n \nvar port = process.env.PORT || 5000;\n \napp.listen(port, function() {\nconsole.log("Listening on " + port);\n}); \n```\n\n\n##Mentions:\n - [Marc Bachmann](https://github.com/marcbachmann) for the nice to use [node-html-pdf](https://github.com/marcbachmann/node-html-pdf)\n\nYou can find a quickly done example here: http://resume-jeremydagorn.herokuapp.com/.\nYou can of course modify the theme/style of your resume by playing around with [those files](https://github.com/jrm2k6/dynamic-json-resume/tree/master/static/css).\n',
28 silly publish   readmeFilename: 'README.md',
28 silly publish   gitHead: '8829c70297428494930b21f64061cc7631cbf85d',
28 silly publish   homepage: 'https://github.com/jrm2k6/dynamic-json-resume',
28 silly publish   _id: 'json-resume-dynamic@0.0.7',
28 silly publish   _shasum: '9fc0c813f9ff82101ec5e66e4a152252f9348da5',
28 silly publish   _from: '.' }
29 verbose request where is /json-resume-dynamic
30 verbose request registry https://registry.npmjs.org/
31 verbose request id f4a6aaaa40c4a37a
32 verbose url raw /json-resume-dynamic
33 verbose url resolving [ 'https://registry.npmjs.org/', './json-resume-dynamic' ]
34 verbose url resolved https://registry.npmjs.org/json-resume-dynamic
35 verbose request where is https://registry.npmjs.org/json-resume-dynamic
36 info trying registry request attempt 1 at 08:14:31
37 http PUT https://registry.npmjs.org/json-resume-dynamic
38 http 403 https://registry.npmjs.org/json-resume-dynamic
39 verbose headers { date: 'Tue, 16 Dec 2014 16:14:49 GMT',
39 verbose headers   server: 'CouchDB/1.5.0 (Erlang OTP/R16B03)',
39 verbose headers   'content-type': 'application/json',
39 verbose headers   'cache-control': 'max-age=60',
39 verbose headers   'content-length': '10166',
39 verbose headers   'accept-ranges': 'bytes',
39 verbose headers   via: '1.1 varnish',
39 verbose headers   'x-served-by': 'cache-lax1435-LAX',
39 verbose headers   'x-cache': 'MISS',
39 verbose headers   'x-cache-hits': '0',
39 verbose headers   'x-timer': 'S1418746489.230785,VS0,VE213',
39 verbose headers   'keep-alive': 'timeout=10, max=50',
39 verbose headers   connection: 'Keep-Alive' }
40 error publish Failed PUT 403
41 error Error: forbidden cannot modify pre-existing version: 0.0.7
41 error old={"name":"json-resume-dynamic","version":"0.0.7","description":"A tool to generate a web page containing your resume","main":"index.js","dependencies":{"commander":"^2.5.1","html-pdf":"^0.3.0","mustache":"^0.8.2"},"devDependencies":{},"scripts":{"test":"echo \"Error: no test specified\" && exit 1"},"author":{"name":"Jeremy Dagorn","email":"jeremy.dagorn@gmail.com"},"license":"MIT","bugs":{"url":"https://github.com/jrm2k6/dynamic-json-resume/issues","email":"jeremy.dagorn@gmail.com"},"repository":{"type":"git","url":"https://github.com/jrm2k6/dynamic-json-resume"},"files":["examples/","exports/","lib/","static/","templates/","index.js","cli.js","resume-schema.json","LICENSE.txt"],"keywords":["resume","cv","template","front-end","portfolio","json-resume"],"bin":{"json-resume-dynamic-cli":"./cli.js"},"gitHead":"633c3b4430e2d0a10d502024095ab96234ac849e","homepage":"https://github.com/jrm2k6/dynamic-json-resume","_id":"json-resume-dynamic@0.0.7","_shasum":"2e61d9d48beff870112ad3f326287228eea1a207","_from":".","_npmVersion":"1.4.28","_npmUser":{"name":"jrm2k6","email":"jeremy.dagorn@gmail.com"},"maintainers":[{"name":"jrm2k6","email":"jeremy.dagorn@gmail.com"}],"dist":{"shasum":"2e61d9d48beff870112ad3f326287228eea1a207","tarball":"http://registry.npmjs.org/json-resume-dynamic/-/json-resume-dynamic-0.0.7.tgz"}}
41 error new={"name":"json-resume-dynamic","version":"0.0.7","description":"A tool to generate a web page containing your resume","main":"index.js","dependencies":{"commander":"^2.5.1","html-pdf":"^0.3.0","mustache":"^0.8.2"},"devDependencies":{},"scripts":{"test":"echo \"Error: no test specified\" && exit 1"},"author":{"name":"Jeremy Dagorn","email":"jeremy.dagorn@gmail.com"},"license":"MIT","bugs":{"url":"https://github.com/jrm2k6/dynamic-json-resume/issues","email":"jeremy.dagorn@gmail.com"},"repository":{"type":"git","url":"https://github.com/jrm2k6/dynamic-json-resume"},"files":["examples/","exports/","lib/","static/","templates/","index.js","cli.js","resume-schema.json","LICENSE.txt"],"keywords":["resume","cv","template","front-end","portfolio","json-resume"],"bin":{"json-resume-dynamic-cli":"./cli.js"},"readme":"dynamic-json-resume\u000a===================\u000a\u000aCreate your resume easily using json, and add some dynamism to it, or export it as pdf.\u000a\u000aThis started as a small weekend project. In the end, it took me 2/3 afternoons to finish it and have it published on npm.\u000a\u000a##Inspiration:\u000a\u000a- [json-resume](https://jsonresume.org)\u000a- This [blog post](http://jlongster.com/Removing-User-Interface-Complexity,-or-Why-React-is-Awesome), as I really liked the content loaded as you scroll on the right. I wanted to have the same, in a simple way\u000afor my resume.\u000a\u000a\u000a##Installation:\u000a\u000a``` npm install (--save) json-resume-dynamic ```\u000a\u000a##Usage:\u000a\u000a- You will have to fill out your resume following a specific json schema.\u000a- This assumes that you are using express for the server part if you want to display your resume on your website.\u000a- If you are not interested in showcasing your resume on your website, you can just export it as a PDF and skip directly to How to generate a PDF from my json file?\u000a\u000a\u000a##JSON Schema:\u000a\u000aYour resume will be divided into 6 sections, all englobed into a ```resume``` JSON object.\u000a\u000a####Contact section:\u000a```\u000a\"contact\" : {\u000a        \"first_name\": \"\",\u000a        \"last_name\": \"\",\u000a        \"website\": \"\",\u000a        \"email\": \"\",\u000a        \"github\": \"\",\u000a        \"city\": \"\"\u000a    }\u000a```\u000a**Optional:** ```website``` and ```github```\u000a\u000a####Education section:\u000aThis will be composed of an array of ```item-education``` englobed into an ```education``` JSON object.\u000a\u000aAn ```item-education``` has this form:\u000a\u000a```\u000a  \"item-education\": {\u000a    \"start-date\": \"\",\u000a    \"end-date\": \"\",\u000a    \"institution\": {\u000a        \"name\": \"\",\u000a        \"city\": \"\",\u000a        \"country\": \"\"\u000a    },\u000a    \"description\": \"\",\u000a    \"additional-info\": \"\"\u000a  }\u000a```\u000a\u000a**Optional: ```additional-info```.**\u000a\u000a#### Work section:\u000aThis will be composed of an array of ```item-work``` englobed into a ```work``` JSON object.\u000a```\u000a\"item-work\": {\u000a    \"start-date\": \"\",\u000a    \"end-date\": \"\",\u000a    \"position\": \"\",\u000a    \"company\": {\u000a        \"name\": \"\",\u000a        \"city\": \"\",\u000a        \"country\": \"\"\u000a     },\u000a    \"achievements\": \"\",\u000a    \"technologies\": [\"\", \"\"]\u000a}\u000a```\u000a\u000a#### Project section:\u000aThis will be composed of an array of ```item-projects``` englobed into a ```projects``` JSON object.\u000a\u000a```\u000a\"item-projects\": {\u000a    \"title\": \"\",\u000a    \"description\":\"\",\u000a    \"technologies\": []\u000a}\u000a```\u000a#### Skills section:\u000a This is just an array of strings with the key \"skills\"\u000a \u000a ```\u000a \"skills\" : [\"skill1\", \"skill2\"]\u000a```\u000a\u000a#### Languages and Hobbies sections:\u000aThis will be composed of an array of ```item-languages``` englobed into a ```languages``` and an array of ```item-hobbies```\u000ainto a ```hobbies``` JSON object respectively.\u000a\u000a```\u000a\u000a\"item-languages\": {\u000a    \"name\": \"\",\u000a    \"additional-info\": \"\"\u000a}\u000a\u000a{\u000a\"item-hobbies\": {\u000a    \"name\": \"\",\u000a    \"additional-info\": \"\"\u000a}\u000a\u000a```\u000a**Optional: ```additional-info```.**\u000a\u000a\u000a##How to add extra content for your resume?\u000aThis is done by adding two properties only to the items of your JSON's schema:\u000a\u000a1. You need to add an ```id``` attribute\u000a2. You need to add an ```extra``` JSON object having two properties:\u000a\u000a```\u000a\"extra\" {\u000a  \"type\": \"text\" || \"images\"\u000a  \"extraContent\": <html string> || <string> if type == \"text\" \u000a                  [<url-image>] or <url-image> if type == \"images\"\u000a}\u000a```\u000a\u000aYou can find an empty schema in ```resume-schema.json``` at the root of the module or a working schema in ```examples/my-resume.json```.\u000a\u000a##API:\u000a\u000aTwo methods only:\u000a\u000a```getResumeWithExtras(strResumeAsJson)``` returns an object containing the resume section as ```result.resume``` and the extras section as ```result.extraContent``` \u000a\u000aIt will parse the JSON string provided and verify that:\u000a- all the mandatory fields are declared.\u000a- each extra object has an id.\u000a\u000aIf something is wrong, the error message should give you a good indication on how fix your issue!\u000a\u000a```getTemplatePath(nameTemplate)``` returns the template location within the module.\u000a\u000a## How to generate a PDF for my resume?\u000a1. Go into the module folder\u000a2. Run ```./cli.js export <json_path> [output_location] [css_file_location]```\u000a\u000aBy default it will generate a resume.pdf file in the current directory.\u000a\u000a\u000a##### Complete example to integrate this into your node app (assuming you use node-express and mustache-express):\u000a\u000a```\u000avar express = require('express');\u000avar path = require('path');\u000avar fs = require('fs');\u000avar mustacheExpress = require('mustache-express');\u000avar dynamicJsonResume = require('json-resume-dynamic');\u000avar app = express()\u000a \u000aapp.use(express.static(path.join(__dirname, 'static')));\u000a \u000aapp.engine('html', mustacheExpress());\u000aapp.set('view engine', 'html');\u000aapp.set('views', __dirname + '/templates');\u000a \u000a \u000aapp.get('/', function(request, response) {\u000avar resumeJsonFile = fs.readFileSync(__dirname + \"/my-resume.json\", 'utf-8', function (err, data) {\u000a});\u000a \u000avar resume = dynamicJsonResume.getResumeWithExtras(resumeJsonFile);\u000aif (resume) {\u000aresponse.render(dynamicJsonResume.getTemplatePath('cv'), resume);\u000a}\u000a});\u000a \u000avar port = process.env.PORT || 5000;\u000a \u000aapp.listen(port, function() {\u000aconsole.log(\"Listening on \" + port);\u000a}); \u000a```\u000a\u000a\u000a##Mentions:\u000a - [Marc Bachmann](https://github.com/marcbachmann) for the nice to use [node-html-pdf](https://github.com/marcbachmann/node-html-pdf)\u000a\u000aYou can find a quickly done example here: http://resume-jeremydagorn.herokuapp.com/.\u000aYou can of course modify the theme/style of your resume by playing around with [those files](https://github.com/jrm2k6/dynamic-json-resume/tree/master/static/css).\u000a","readmeFilename":"README.md","gitHead":"8829c70297428494930b21f64061cc7631cbf85d","homepage":"https://github.com/jrm2k6/dynamic-json-resume","_id":"json-resume-dynamic@0.0.7","_shasum":"9fc0c813f9ff82101ec5e66e4a152252f9348da5","_from":".","_npmVersion":"1.4.28","_npmUser":{"name":"jrm2k6","email":"jeremy.dagorn@gmail.com"},"maintainers":[{"name":"jrm2k6","email":"jeremy.dagorn@gmail.com"}],"dist":{"shasum":"9fc0c813f9ff82101ec5e66e4a152252f9348da5","tarball":"http://registry.npmjs.org/json-resume-dynamic/-/json-resume-dynamic-0.0.7.tgz"}}: json-resume-dynamic
41 error     at RegClient.<anonymous> (/usr/local/lib/node_modules/npm/node_modules/npm-registry-client/lib/request.js:308:14)
41 error     at Request._callback (/usr/local/lib/node_modules/npm/node_modules/npm-registry-client/lib/request.js:246:65)
41 error     at Request.self.callback (/usr/local/lib/node_modules/npm/node_modules/request/request.js:236:22)
41 error     at Request.emit (events.js:98:17)
41 error     at Request.<anonymous> (/usr/local/lib/node_modules/npm/node_modules/request/request.js:1142:14)
41 error     at Request.emit (events.js:117:20)
41 error     at IncomingMessage.<anonymous> (/usr/local/lib/node_modules/npm/node_modules/request/request.js:1096:12)
41 error     at IncomingMessage.emit (events.js:117:20)
41 error     at _stream_readable.js:943:16
41 error     at process._tickCallback (node.js:419:13)
42 error If you need help, you may report this *entire* log,
42 error including the npm and node versions, at:
42 error     <http://github.com/npm/npm/issues>
43 error System Linux 3.2.0-4-686-pae
44 error command "/usr/local/bin/node" "/usr/local/bin/npm" "publish"
45 error cwd /home/jrm2k6/Workspace/json-resume-dynamic
46 error node -v v0.10.32
47 error npm -v 1.4.28
48 verbose exit [ 1, true ]
